<?xml version="1.0" encoding="UTF-8"?>
<!-- Generated by org.testng.reporters.JUnitReportReporter -->
<testsuite skipped="0" hostname="AMIT" name="AutomationTools.TestingTools" tests="1" failures="0" timestamp="29 Apr 2023 05:30:28 GMT" time="23.759" errors="0">
  <testcase name="searchAutomationTestingtool" time="23.759" classname="AutomationTools.TestingTools"/>
</testsuite> <!-- AutomationTools.TestingTools -->
